0 info it worked if it ends with ok
1 verbose cli [ 'C:\\Program Files\\nodejs\\node.exe',
1 verbose cli   'C:\\Program Files\\nodejs\\node_modules\\npm\\bin\\npm-cli.js',
1 verbose cli   'install',
1 verbose cli   '-save',
1 verbose cli   'mongodump' ]
2 info using npm@2.15.1
3 info using node@v4.4.3
4 verbose install initial load of E:\Study\TuHocNodeJs\Final_NodeJS-master\package.json
5 warn package.json ecommerce@1.0.0 No README data
6 verbose installManyTop reading scoped package data from E:\Study\TuHocNodeJs\Final_NodeJS-master\node_modules\async\package.json
7 verbose installManyTop reading scoped package data from E:\Study\TuHocNodeJs\Final_NodeJS-master\node_modules\bcrypt-nodejs\package.json
8 verbose installManyTop reading scoped package data from E:\Study\TuHocNodeJs\Final_NodeJS-master\node_modules\body-parser\package.json
9 verbose installManyTop reading scoped package data from E:\Study\TuHocNodeJs\Final_NodeJS-master\node_modules\connect-mongo\package.json
10 verbose installManyTop reading scoped package data from E:\Study\TuHocNodeJs\Final_NodeJS-master\node_modules\cookie-parser\package.json
11 verbose installManyTop reading scoped package data from E:\Study\TuHocNodeJs\Final_NodeJS-master\node_modules\ejs\package.json
12 verbose installManyTop reading scoped package data from E:\Study\TuHocNodeJs\Final_NodeJS-master\node_modules\ejs-mate\package.json
13 verbose installManyTop reading scoped package data from E:\Study\TuHocNodeJs\Final_NodeJS-master\node_modules\express\package.json
14 verbose installManyTop reading scoped package data from E:\Study\TuHocNodeJs\Final_NodeJS-master\node_modules\express-flash\package.json
15 verbose installManyTop reading scoped package data from E:\Study\TuHocNodeJs\Final_NodeJS-master\node_modules\express-session\package.json
16 verbose installManyTop reading scoped package data from E:\Study\TuHocNodeJs\Final_NodeJS-master\node_modules\faker\package.json
17 verbose installManyTop reading scoped package data from E:\Study\TuHocNodeJs\Final_NodeJS-master\node_modules\mongoosastic\package.json
18 verbose installManyTop reading scoped package data from E:\Study\TuHocNodeJs\Final_NodeJS-master\node_modules\mongoose\package.json
19 verbose installManyTop reading scoped package data from E:\Study\TuHocNodeJs\Final_NodeJS-master\node_modules\morgan\package.json
20 verbose installManyTop reading scoped package data from E:\Study\TuHocNodeJs\Final_NodeJS-master\node_modules\passport\package.json
21 verbose installManyTop reading scoped package data from E:\Study\TuHocNodeJs\Final_NodeJS-master\node_modules\passport-facebook\package.json
22 verbose installManyTop reading scoped package data from E:\Study\TuHocNodeJs\Final_NodeJS-master\node_modules\passport-local\package.json
23 verbose installManyTop reading scoped package data from E:\Study\TuHocNodeJs\Final_NodeJS-master\node_modules\stripe\package.json
24 info package.json express-flash@0.0.2 No license field.
25 info package.json passport@0.3.2 No README data
26 info package.json bcrypt-nodejs@0.0.3 No license field.
27 info package.json passport-local@1.0.0 No license field.
28 verbose readDependencies loading dependencies from E:\Study\TuHocNodeJs\Final_NodeJS-master\package.json
29 silly cache add args [ 'mongodump', null ]
30 verbose cache add spec mongodump
31 silly cache add parsed spec Result {
31 silly cache add   raw: 'mongodump',
31 silly cache add   scope: null,
31 silly cache add   name: 'mongodump',
31 silly cache add   rawSpec: '',
31 silly cache add   spec: 'latest',
31 silly cache add   type: 'tag' }
32 silly addNamed mongodump@latest
33 verbose addNamed "latest" is being treated as a dist-tag for mongodump
34 info addNameTag [ 'mongodump', 'latest' ]
35 silly mapToRegistry name mongodump
36 silly mapToRegistry using default registry
37 silly mapToRegistry registry https://registry.npmjs.org/
38 silly mapToRegistry data Result {
38 silly mapToRegistry   raw: 'mongodump',
38 silly mapToRegistry   scope: null,
38 silly mapToRegistry   name: 'mongodump',
38 silly mapToRegistry   rawSpec: '',
38 silly mapToRegistry   spec: 'latest',
38 silly mapToRegistry   type: 'tag' }
39 silly mapToRegistry uri https://registry.npmjs.org/mongodump
40 verbose addNameTag registry:https://registry.npmjs.org/mongodump not in flight; fetching
41 verbose request uri https://registry.npmjs.org/mongodump
42 verbose request no auth needed
43 info attempt registry request try #1 at 5:06:42 PM
44 verbose request id a6c76ba64e8f9873
45 http request GET https://registry.npmjs.org/mongodump
46 http 404 https://registry.npmjs.org/mongodump
47 verbose headers { 'content-type': 'application/json',
47 verbose headers   'cache-control': 'max-age=0',
47 verbose headers   'content-length': '2',
47 verbose headers   'accept-ranges': 'bytes',
47 verbose headers   date: 'Mon, 23 May 2016 10:06:45 GMT',
47 verbose headers   via: '1.1 varnish',
47 verbose headers   age: '0',
47 verbose headers   connection: 'keep-alive',
47 verbose headers   'x-served-by': 'cache-hkg6823-HKG',
47 verbose headers   'x-cache': 'MISS',
47 verbose headers   'x-cache-hits': '0',
47 verbose headers   'x-timer': 'S1463998004.122199,VS0,VE983',
47 verbose headers   vary: 'Accept-Encoding' }
48 silly get cb [ 404,
48 silly get   { 'content-type': 'application/json',
48 silly get     'cache-control': 'max-age=0',
48 silly get     'content-length': '2',
48 silly get     'accept-ranges': 'bytes',
48 silly get     date: 'Mon, 23 May 2016 10:06:45 GMT',
48 silly get     via: '1.1 varnish',
48 silly get     age: '0',
48 silly get     connection: 'keep-alive',
48 silly get     'x-served-by': 'cache-hkg6823-HKG',
48 silly get     'x-cache': 'MISS',
48 silly get     'x-cache-hits': '0',
48 silly get     'x-timer': 'S1463998004.122199,VS0,VE983',
48 silly get     vary: 'Accept-Encoding' } ]
49 verbose stack Error: Registry returned 404 for GET on https://registry.npmjs.org/mongodump
49 verbose stack     at makeError (C:\Program Files\nodejs\node_modules\npm\node_modules\npm-registry-client\lib\request.js:264:12)
49 verbose stack     at CachingRegistryClient.<anonymous> (C:\Program Files\nodejs\node_modules\npm\node_modules\npm-registry-client\lib\request.js:242:14)
49 verbose stack     at Request._callback (C:\Program Files\nodejs\node_modules\npm\node_modules\npm-registry-client\lib\request.js:172:14)
49 verbose stack     at Request.self.callback (C:\Program Files\nodejs\node_modules\npm\node_modules\request\request.js:199:22)
49 verbose stack     at emitTwo (events.js:87:13)
49 verbose stack     at Request.emit (events.js:172:7)
49 verbose stack     at Request.<anonymous> (C:\Program Files\nodejs\node_modules\npm\node_modules\request\request.js:1036:10)
49 verbose stack     at emitOne (events.js:82:20)
49 verbose stack     at Request.emit (events.js:169:7)
49 verbose stack     at IncomingMessage.<anonymous> (C:\Program Files\nodejs\node_modules\npm\node_modules\request\request.js:963:12)
50 verbose statusCode 404
51 verbose pkgid mongodump
52 verbose cwd E:\Study\TuHocNodeJs\Final_NodeJS-master
53 error Windows_NT 10.0.10240
54 error argv "C:\\Program Files\\nodejs\\node.exe" "C:\\Program Files\\nodejs\\node_modules\\npm\\bin\\npm-cli.js" "install" "-save" "mongodump"
55 error node v4.4.3
56 error npm  v2.15.1
57 error code E404
58 error 404 Registry returned 404 for GET on https://registry.npmjs.org/mongodump
58 error 404
58 error 404 'mongodump' is not in the npm registry.
58 error 404 You should bug the author to publish it (or use the name yourself!)
58 error 404 It was specified as a dependency of 'ecommerce'
58 error 404
58 error 404 Note that you can also install from a
58 error 404 tarball, folder, http url, or git url.
59 verbose exit [ 1, true ]
